<?xml version="1.0" encoding="UTF-8" standalone="no"?>
<!DOCTYPE log SYSTEM "logger.dtd">
<log>
<record>
  <date>2020-04-04T11:06:34</date>
  <millis>1585987594447</millis>
  <sequence>0</sequence>
  <level>START</level>
  <class>com.kms.katalon.core.logging.XmlKeywordLogger</class>
  <method>startSuite</method>
  <thread>1</thread>
  <message>Start Test Suite : Test Suites/CreateIssue-Test suite</message>
  <nestedLevel>0</nestedLevel>
  <property name="name">CreateIssue-Test suite</property>
  <property name="description"></property>
  <property name="id">Test Suites/CreateIssue-Test suite</property>
</record>
<record>
  <date>2020-04-04T11:06:34</date>
  <millis>1585987594459</millis>
  <sequence>1</sequence>
  <level>RUN_DATA</level>
  <class>com.kms.katalon.core.logging.XmlKeywordLogger</class>
  <method>logMessage</method>
  <thread>1</thread>
  <message>hostName = michaelshechter - 10.100.102.5</message>
  <nestedLevel>0</nestedLevel>
  <property name="hostName">michaelshechter - 10.100.102.5</property>
</record>
<record>
  <date>2020-04-04T11:06:34</date>
  <millis>1585987594460</millis>
  <sequence>2</sequence>
  <level>RUN_DATA</level>
  <class>com.kms.katalon.core.logging.XmlKeywordLogger</class>
  <method>logMessage</method>
  <thread>1</thread>
  <message>os = Mac OS X 64bit</message>
  <nestedLevel>0</nestedLevel>
  <property name="os">Mac OS X 64bit</property>
</record>
<record>
  <date>2020-04-04T11:06:34</date>
  <millis>1585987594460</millis>
  <sequence>3</sequence>
  <level>RUN_DATA</level>
  <class>com.kms.katalon.core.logging.XmlKeywordLogger</class>
  <method>logMessage</method>
  <thread>1</thread>
  <message>hostAddress = 10.100.102.5</message>
  <nestedLevel>0</nestedLevel>
  <property name="hostAddress">10.100.102.5</property>
</record>
<record>
  <date>2020-04-04T11:06:34</date>
  <millis>1585987594460</millis>
  <sequence>4</sequence>
  <level>RUN_DATA</level>
  <class>com.kms.katalon.core.logging.XmlKeywordLogger</class>
  <method>logMessage</method>
  <thread>1</thread>
  <message>katalonVersion = 7.2.1.1</message>
  <nestedLevel>0</nestedLevel>
  <property name="katalonVersion">7.2.1.1</property>
</record>
<record>
  <date>2020-04-04T11:06:34</date>
  <millis>1585987594598</millis>
  <sequence>5</sequence>
  <level>START</level>
  <class>com.kms.katalon.core.logging.XmlKeywordLogger</class>
  <method>startTest</method>
  <thread>1</thread>
  <message>Start Test Case : Test Cases/Issue/Controller</message>
  <nestedLevel>1</nestedLevel>
  <property name="name">Test Cases/Issue/Controller</property>
  <property name="description"></property>
  <property name="id">Test Cases/Issue/Controller</property>
  <property name="source">\\Users\\michaelshechter\\git\\Katalon_JIRA_REST\\Test Cases\\Issue\\Controller.tc</property>
  <property name="tag"></property>
  <property name="isOptional">false</property>
</record>
<record>
  <date>2020-04-04T11:06:34</date>
  <millis>1585987594660</millis>
  <sequence>7</sequence>
  <level>INFO</level>
  <class>com.kms.katalon.core.logging.XmlKeywordLogger</class>
  <method>logMessage</method>
  <thread>1</thread>
  <message>(Default) projectKey = SBC</message>
  <nestedLevel>1</nestedLevel>
</record>
<record>
  <date>2020-04-04T11:06:34</date>
  <millis>1585987594669</millis>
  <sequence>8</sequence>
  <level>INFO</level>
  <class>com.kms.katalon.core.logging.XmlKeywordLogger</class>
  <method>logMessage</method>
  <thread>1</thread>
  <message>(Default) issueType = Bug</message>
  <nestedLevel>1</nestedLevel>
</record>
<record>
  <date>2020-04-04T11:06:34</date>
  <millis>1585987594675</millis>
  <sequence>9</sequence>
  <level>INFO</level>
  <class>com.kms.katalon.core.logging.XmlKeywordLogger</class>
  <method>logMessage</method>
  <thread>1</thread>
  <message>(Default) summary = Michael-Test</message>
  <nestedLevel>1</nestedLevel>
</record>
<record>
  <date>2020-04-04T11:06:34</date>
  <millis>1585987594680</millis>
  <sequence>10</sequence>
  <level>INFO</level>
  <class>com.kms.katalon.core.logging.XmlKeywordLogger</class>
  <method>logMessage</method>
  <thread>1</thread>
  <message>(Default) typeOfBug = Bug</message>
  <nestedLevel>1</nestedLevel>
</record>
<record>
  <date>2020-04-04T11:06:34</date>
  <millis>1585987594687</millis>
  <sequence>11</sequence>
  <level>INFO</level>
  <class>com.kms.katalon.core.logging.XmlKeywordLogger</class>
  <method>logMessage</method>
  <thread>1</thread>
  <message>(Default) description = This is a rest API TEST</message>
  <nestedLevel>1</nestedLevel>
</record>
<record>
  <date>2020-04-04T11:06:34</date>
  <millis>1585987594692</millis>
  <sequence>12</sequence>
  <level>INFO</level>
  <class>com.kms.katalon.core.logging.XmlKeywordLogger</class>
  <method>logMessage</method>
  <thread>1</thread>
  <message>(Default) relevantPlatform = M1KB</message>
  <nestedLevel>1</nestedLevel>
</record>
<record>
  <date>2020-04-04T11:06:34</date>
  <millis>1585987594697</millis>
  <sequence>13</sequence>
  <level>INFO</level>
  <class>com.kms.katalon.core.logging.XmlKeywordLogger</class>
  <method>logMessage</method>
  <thread>1</thread>
  <message>(Default) foundInBuild = 1</message>
  <nestedLevel>1</nestedLevel>
</record>
<record>
  <date>2020-04-04T11:06:34</date>
  <millis>1585987594701</millis>
  <sequence>14</sequence>
  <level>INFO</level>
  <class>com.kms.katalon.core.logging.XmlKeywordLogger</class>
  <method>logMessage</method>
  <thread>1</thread>
  <message>(Default) assignee = arikk</message>
  <nestedLevel>1</nestedLevel>
</record>
<record>
  <date>2020-04-04T11:06:34</date>
  <millis>1585987594706</millis>
  <sequence>15</sequence>
  <level>INFO</level>
  <class>com.kms.katalon.core.logging.XmlKeywordLogger</class>
  <method>logMessage</method>
  <thread>1</thread>
  <message>(Default) reporter = michaelsh</message>
  <nestedLevel>1</nestedLevel>
</record>
<record>
  <date>2020-04-04T11:06:34</date>
  <millis>1585987594710</millis>
  <sequence>16</sequence>
  <level>INFO</level>
  <class>com.kms.katalon.core.logging.XmlKeywordLogger</class>
  <method>logMessage</method>
  <thread>1</thread>
  <message>(Default) component = General</message>
  <nestedLevel>1</nestedLevel>
</record>
<record>
  <date>2020-04-04T11:06:34</date>
  <millis>1585987594715</millis>
  <sequence>17</sequence>
  <level>INFO</level>
  <class>com.kms.katalon.core.logging.XmlKeywordLogger</class>
  <method>logMessage</method>
  <thread>1</thread>
  <message>(Default) version = SBC7.0_4</message>
  <nestedLevel>1</nestedLevel>
</record>
<record>
  <date>2020-04-04T11:06:34</date>
  <millis>1585987594721</millis>
  <sequence>18</sequence>
  <level>INFO</level>
  <class>com.kms.katalon.core.logging.XmlKeywordLogger</class>
  <method>logMessage</method>
  <thread>1</thread>
  <message>(Default) priority = Low</message>
  <nestedLevel>1</nestedLevel>
</record>
<record>
  <date>2020-04-04T11:06:34</date>
  <millis>1585987594726</millis>
  <sequence>19</sequence>
  <level>INFO</level>
  <class>com.kms.katalon.core.logging.XmlKeywordLogger</class>
  <method>logMessage</method>
  <thread>1</thread>
  <message>(Default) bugType = Functional</message>
  <nestedLevel>1</nestedLevel>
</record>
<record>
  <date>2020-04-04T11:06:34</date>
  <millis>1585987594734</millis>
  <sequence>20</sequence>
  <level>INFO</level>
  <class>com.kms.katalon.core.logging.XmlKeywordLogger</class>
  <method>logMessage</method>
  <thread>1</thread>
  <message>(Default) issueKey = </message>
  <nestedLevel>1</nestedLevel>
</record>
<record>
  <date>2020-04-04T11:06:34</date>
  <millis>1585987594945</millis>
  <sequence>22</sequence>
  <level>ERROR</level>
  <class>com.kms.katalon.core.logging.XmlKeywordLogger</class>
  <method>logMessage</method>
  <thread>1</thread>
  <message>Test Cases/Issue/Controller FAILED.\nReason:\norg.codehaus.groovy.control.MultipleCompilationErrorsException: startup failed:\nfile:/Users/michaelshechter/git/Katalon_JIRA_REST/Scripts/Issue/Controller/Script1582753849126.groovy: 94: The current scope already contains a variable of the name body\n @ line 94, column 8.\n   String body=\&amp;quot;\&amp;quot;\&amp;quot;\n          ^\n\nfile:/Users/michaelshechter/git/Katalon_JIRA_REST/Scripts/Issue/Controller/Script1582753849126.groovy: 116: The current scope already contains a variable of the name body\n @ line 116, column 8.\n   String body=\&amp;quot;\&amp;quot;\&amp;quot;\n          ^\n\n2 errors\n\n\tat com.kms.katalon.core.main.ScriptEngine.getScript(ScriptEngine.java:199)\n\tat com.kms.katalon.core.main.ScriptEngine.run(ScriptEngine.java:194)\n\tat com.kms.katalon.core.main.ScriptEngine.runScriptAsRawText(ScriptEngine.java:119)\n\tat com.kms.katalon.core.main.TestCaseExecutor.runScript(TestCaseExecutor.java:337)\n\tat com.kms.katalon.core.main.TestCaseExecutor.doExecute(TestCaseExecutor.java:328)\n\tat com.kms.katalon.core.main.TestCaseExecutor.processExecutionPhase(TestCaseExecutor.java:307)\n\tat com.kms.katalon.core.main.TestCaseExecutor.accessMainPhase(TestCaseExecutor.java:299)\n\tat com.kms.katalon.core.main.TestCaseExecutor.execute(TestCaseExecutor.java:233)\n\tat com.kms.katalon.core.main.TestSuiteExecutor.accessTestCaseMainPhase(TestSuiteExecutor.java:169)\n\tat com.kms.katalon.core.main.TestSuiteExecutor.accessTestSuiteMainPhase(TestSuiteExecutor.java:142)\n\tat com.kms.katalon.core.main.TestSuiteExecutor.execute(TestSuiteExecutor.java:91)\n\tat com.kms.katalon.core.main.TestCaseMain.startTestSuite(TestCaseMain.java:157)\n\tat com.kms.katalon.core.main.TestCaseMain$startTestSuite$0.call(Unknown Source)\n\tat TempTestSuite1585987590106.run(TempTestSuite1585987590106.groovy:36)\n</message>
  <exception>
    <message>org.codehaus.groovy.control.MultipleCompilationErrorsException: startup failed:
file:/Users/michaelshechter/git/Katalon_JIRA_REST/Scripts/Issue/Controller/Script1582753849126.groovy: 94: The current scope already contains a variable of the name body
 @ line 94, column 8.
   String body="""
          ^

file:/Users/michaelshechter/git/Katalon_JIRA_REST/Scripts/Issue/Controller/Script1582753849126.groovy: 116: The current scope already contains a variable of the name body
 @ line 116, column 8.
   String body="""
          ^

2 errors
</message>
    <frame>
      <class>com.kms.katalon.core.main.ScriptEngine</class>
      <method>getScript</method>
      <line>199</line>
    </frame>
    <frame>
      <class>com.kms.katalon.core.main.ScriptEngine</class>
      <method>run</method>
      <line>194</line>
    </frame>
    <frame>
      <class>com.kms.katalon.core.main.ScriptEngine</class>
      <method>runScriptAsRawText</method>
      <line>119</line>
    </frame>
    <frame>
      <class>com.kms.katalon.core.main.TestCaseExecutor</class>
      <method>runScript</method>
      <line>337</line>
    </frame>
    <frame>
      <class>com.kms.katalon.core.main.TestCaseExecutor</class>
      <method>doExecute</method>
      <line>328</line>
    </frame>
    <frame>
      <class>com.kms.katalon.core.main.TestCaseExecutor</class>
      <method>processExecutionPhase</method>
      <line>307</line>
    </frame>
    <frame>
      <class>com.kms.katalon.core.main.TestCaseExecutor</class>
      <method>accessMainPhase</method>
      <line>299</line>
    </frame>
    <frame>
      <class>com.kms.katalon.core.main.TestCaseExecutor</class>
      <method>execute</method>
      <line>233</line>
    </frame>
    <frame>
      <class>com.kms.katalon.core.main.TestSuiteExecutor</class>
      <method>accessTestCaseMainPhase</method>
      <line>169</line>
    </frame>
    <frame>
      <class>com.kms.katalon.core.main.TestSuiteExecutor</class>
      <method>accessTestSuiteMainPhase</method>
      <line>142</line>
    </frame>
    <frame>
      <class>com.kms.katalon.core.main.TestSuiteExecutor</class>
      <method>execute</method>
      <line>91</line>
    </frame>
    <frame>
      <class>com.kms.katalon.core.main.TestCaseMain</class>
      <method>startTestSuite</method>
      <line>157</line>
    </frame>
    <frame>
      <class>com.kms.katalon.core.main.TestCaseMain$startTestSuite$0</class>
      <method>call</method>
    </frame>
    <frame>
      <class>TempTestSuite1585987590106</class>
      <method>run</method>
      <line>36</line>
    </frame>
  </exception>
  <nestedLevel>0</nestedLevel>
  <property name="failed.exception.stacktrace">org.codehaus.groovy.control.MultipleCompilationErrorsException: startup failed:\nfile:/Users/michaelshechter/git/Katalon_JIRA_REST/Scripts/Issue/Controller/Script1582753849126.groovy: 94: The current scope already contains a variable of the name body\n @ line 94, column 8.\n   String body=\&quot;\&quot;\&quot;\n          ^\n\nfile:/Users/michaelshechter/git/Katalon_JIRA_REST/Scripts/Issue/Controller/Script1582753849126.groovy: 116: The current scope already contains a variable of the name body\n @ line 116, column 8.\n   String body=\&quot;\&quot;\&quot;\n          ^\n\n2 errors\n\n\tat com.kms.katalon.core.main.ScriptEngine.getScript(ScriptEngine.java:199)\n\tat com.kms.katalon.core.main.ScriptEngine.run(ScriptEngine.java:194)\n\tat com.kms.katalon.core.main.ScriptEngine.runScriptAsRawText(ScriptEngine.java:119)\n\tat com.kms.katalon.core.main.TestCaseExecutor.runScript(TestCaseExecutor.java:337)\n\tat com.kms.katalon.core.main.TestCaseExecutor.doExecute(TestCaseExecutor.java:328)\n\tat com.kms.katalon.core.main.TestCaseExecutor.processExecutionPhase(TestCaseExecutor.java:307)\n\tat com.kms.katalon.core.main.TestCaseExecutor.accessMainPhase(TestCaseExecutor.java:299)\n\tat com.kms.katalon.core.main.TestCaseExecutor.execute(TestCaseExecutor.java:233)\n\tat com.kms.katalon.core.main.TestSuiteExecutor.accessTestCaseMainPhase(TestSuiteExecutor.java:169)\n\tat com.kms.katalon.core.main.TestSuiteExecutor.accessTestSuiteMainPhase(TestSuiteExecutor.java:142)\n\tat com.kms.katalon.core.main.TestSuiteExecutor.execute(TestSuiteExecutor.java:91)\n\tat com.kms.katalon.core.main.TestCaseMain.startTestSuite(TestCaseMain.java:157)\n\tat com.kms.katalon.core.main.TestCaseMain$startTestSuite$0.call(Unknown Source)\n\tat TempTestSuite1585987590106.run(TempTestSuite1585987590106.groovy:36)\n</property>
  <property name="failed.exception.class">org.codehaus.groovy.control.MultipleCompilationErrorsException</property>
  <property name="failed.exception.message">startup failed:\nfile:/Users/michaelshechter/git/Katalon_JIRA_REST/Scripts/Issue/Controller/Script1582753849126.groovy: 94: The current scope already contains a variable of the name body\n @ line 94, column 8.\n   String body=\&quot;\&quot;\&quot;\n          ^\n\nfile:/Users/michaelshechter/git/Katalon_JIRA_REST/Scripts/Issue/Controller/Script1582753849126.groovy: 116: The current scope already contains a variable of the name body\n @ line 116, column 8.\n   String body=\&quot;\&quot;\&quot;\n          ^\n\n2 errors\n</property>
</record>
<record>
  <date>2020-04-04T11:06:34</date>
  <millis>1585987594948</millis>
  <sequence>24</sequence>
  <level>END</level>
  <class>com.kms.katalon.core.logging.XmlKeywordLogger</class>
  <method>endTest</method>
  <thread>1</thread>
  <message>End Test Case : Test Cases/Issue/Controller</message>
  <nestedLevel>0</nestedLevel>
</record>
<record>
  <date>2020-04-04T11:06:35</date>
  <millis>1585987595006</millis>
  <sequence>25</sequence>
  <level>END</level>
  <class>com.kms.katalon.core.logging.XmlKeywordLogger</class>
  <method>endSuite</method>
  <thread>1</thread>
  <message>End Test Suite : Test Suites/CreateIssue-Test suite</message>
  <nestedLevel>0</nestedLevel>
</record>
</log>
