<?xml version="1.0" encoding="UTF-8"?>
<testsuites name="CreateIssue-Test suite" time="9.025" tests="1" failures="0" errors="1">
   <testsuite name="CreateIssue-Test suite" tests="1" failures="0" errors="1" time="9.025" timestamp="2020-04-01 15:10:36" hostname="michaelshechter - 10.100.102.5" id="Test Suites/CreateIssue-Test suite">
      <properties>
         <property name="deviceName" value=""/>
         <property name="devicePlatform" value=""/>
         <property name="logFolder" value="/Users/michaelshechter/git/Katalon_JIRA_REST/Reports/20200401_151019/CreateIssue-Test suite/20200401_151019"/>
         <property name="logFiles" value="/Users/michaelshechter/git/Katalon_JIRA_REST/Reports/20200401_151019/CreateIssue-Test suite/20200401_151019/execution0.log"/>
         <property name="attachments" value=""/>
         <property name="hostName" value="michaelshechter - 10.100.102.5"/>
         <property name="hostAddress" value="10.100.102.5"/>
         <property name="os" value="Mac OS X 64bit"/>
         <property name="katalonVersion" value="7.2.1.1"/>
      </properties>
      <testcase name="Test Cases/Issue/Controller" time="8.839" classname="Test Cases/Issue/Controller" status="ERROR">
         <error type="ERROR" message="Test Cases/Issue/Controller FAILED.
Reason:
groovy.lang.MissingPropertyException: No such property: id for class: java.lang.String
	at Controller.run(Controller:90)
	at com.kms.katalon.core.main.ScriptEngine.run(ScriptEngine.java:194)
	at com.kms.katalon.core.main.ScriptEngine.runScriptAsRawText(ScriptEngine.java:119)
	at com.kms.katalon.core.main.TestCaseExecutor.runScript(TestCaseExecutor.java:337)
	at com.kms.katalon.core.main.TestCaseExecutor.doExecute(TestCaseExecutor.java:328)
	at com.kms.katalon.core.main.TestCaseExecutor.processExecutionPhase(TestCaseExecutor.java:307)
	at com.kms.katalon.core.main.TestCaseExecutor.accessMainPhase(TestCaseExecutor.java:299)
	at com.kms.katalon.core.main.TestCaseExecutor.execute(TestCaseExecutor.java:233)
	at com.kms.katalon.core.main.TestSuiteExecutor.accessTestCaseMainPhase(TestSuiteExecutor.java:169)
	at com.kms.katalon.core.main.TestSuiteExecutor.accessTestSuiteMainPhase(TestSuiteExecutor.java:142)
	at com.kms.katalon.core.main.TestSuiteExecutor.execute(TestSuiteExecutor.java:91)
	at com.kms.katalon.core.main.TestCaseMain.startTestSuite(TestCaseMain.java:157)
	at com.kms.katalon.core.main.TestCaseMain$startTestSuite$0.call(Unknown Source)
	at TempTestSuite1585743029882.run(TempTestSuite1585743029882.groovy:36)
"/>
         <system-out><![CDATA[2020-04-01 15:10:36 - [TEST_CASE][ERROR] - Test Cases/Issue/Controller: Test Cases/Issue/Controller FAILED.
Reason:
groovy.lang.MissingPropertyException: No such property: id for class: java.lang.String
	at Controller.run(Controller:90)
	at com.kms.katalon.core.main.ScriptEngine.run(ScriptEngine.java:194)
	at com.kms.katalon.core.main.ScriptEngine.runScriptAsRawText(ScriptEngine.java:119)
	at com.kms.katalon.core.main.TestCaseExecutor.runScript(TestCaseExecutor.java:337)
	at com.kms.katalon.core.main.TestCaseExecutor.doExecute(TestCaseExecutor.java:328)
	at com.kms.katalon.core.main.TestCaseExecutor.processExecutionPhase(TestCaseExecutor.java:307)
	at com.kms.katalon.core.main.TestCaseExecutor.accessMainPhase(TestCaseExecutor.java:299)
	at com.kms.katalon.core.main.TestCaseExecutor.execute(TestCaseExecutor.java:233)
	at com.kms.katalon.core.main.TestSuiteExecutor.accessTestCaseMainPhase(TestSuiteExecutor.java:169)
	at com.kms.katalon.core.main.TestSuiteExecutor.accessTestSuiteMainPhase(TestSuiteExecutor.java:142)
	at com.kms.katalon.core.main.TestSuiteExecutor.execute(TestSuiteExecutor.java:91)
	at com.kms.katalon.core.main.TestCaseMain.startTestSuite(TestCaseMain.java:157)
	at com.kms.katalon.core.main.TestCaseMain$startTestSuite$0.call(Unknown Source)
	at TempTestSuite1585743029882.run(TempTestSuite1585743029882.groovy:36)


2020-04-01 15:10:36 - [TEST_STEP][PASSED] - body = 
{
   
    "fields":{
      
       "project":
      {
         
          "key":"$projectKey"         

      },
      
       "summary":"$summary",
      
       "description":"$description",
      
       "customfield_10107":{
         "value":"$typeOfBug"
      },
      
       "customfield_10113":[
         {
            "value":"$relevantPlatform"
         }
      ],
      
       "customfield_10114":"$foundInBuild",
      
       "customfield_10102":{
         
      "value":"$bugType"

      },
      
        "assignee":{"name":"$assignee"
},
                "reporter":{
         
      "name":"$reporter"

      },
      
    "components":[
         
         {
            
        "name":"$component"

         }         

      ],
      
    "versions":[
         
         {
            
        "name":"$version"

         }         

      ],
      
          "priority":{
         
      "name":"$priority"

      },
      
       "issuetype":{
         
          "name":"$issueType" 

      }      

   }   

}

: null

2020-04-01 15:10:36 - [TEST_STEP][PASSED] - callTestCase(findTestCase("Issue/Create_Issue"), ["body":body], STOP_ON_FAILURE): Call Test Case 'Test Cases/Issue/Create_Issue' successfully

2020-04-01 15:10:36 - [TEST_CASE][PASSED] - Test Cases/Issue/Create_Issue: Test Cases/Issue/Create_Issue

2020-04-01 15:10:36 - [TEST_STEP][PASSED] - slurper = new groovy.json.JsonSlurper(): null

2020-04-01 15:10:36 - [TEST_STEP][PASSED] - createIssueRequest = findTestObject("REST/Issue/CreateIssue"): null

2020-04-01 15:10:37 - [TEST_STEP][PASSED] - try: null

2020-04-01 15:10:37 - [TEST_STEP][PASSED] - createIssueRequest.setBodyContent(new com.kms.katalon.core.testobject.impl.HttpTextBodyContent(body, UTF-8, application/json)): null

2020-04-01 15:10:37 - [TEST_STEP][PASSED] - println(createIssueRequest): null

2020-04-01 15:10:37 - [TEST_STEP][PASSED] - response = sendRequest(createIssueRequest): Send request successfully

2020-04-01 15:10:41 - [MESSAGE][INFO] - HAR: /Users/michaelshechter/git/Katalon_JIRA_REST/Reports/20200401_151019/CreateIssue-Test suite/20200401_151019/requests/main/0.har

2020-04-01 15:10:41 - [MESSAGE][PASSED] - Send request successfully

2020-04-01 15:10:41 - [TEST_STEP][PASSED] - println(response): null

2020-04-01 15:10:41 - [TEST_STEP][PASSED] - response = slurper.parseText(response.getResponseBodyContent()): null

2020-04-01 15:10:41 - [MESSAGE][PASSED] - Call Test Case 'Test Cases/Issue/Create_Issue' successfully

2020-04-01 15:10:41 - [TEST_STEP][PASSED] - println(response): null

2020-04-01 15:10:41 - [TEST_STEP][PASSED] - issueKey = key: null

2020-04-01 15:10:41 - [TEST_STEP][PASSED] - id = id: null

2020-04-01 15:10:41 - [TEST_STEP][PASSED] - println(issue key = $issueKey | key = $id): null

2020-04-01 15:10:41 - [TEST_STEP][PASSED] - callTestCase(findTestCase("Issue/getTransition"), ["issueKey":issueKey], STOP_ON_FAILURE): Call Test Case 'Test Cases/Issue/getTransition' successfully

2020-04-01 15:10:41 - [TEST_CASE][PASSED] - Test Cases/Issue/getTransition: Test Cases/Issue/getTransition

2020-04-01 15:10:42 - [TEST_STEP][PASSED] - slurper = new groovy.json.JsonSlurper(): null

2020-04-01 15:10:42 - [TEST_STEP][PASSED] - println("###  in getTransition testCase"): null

2020-04-01 15:10:42 - [TEST_STEP][PASSED] - println(issueKey): null

2020-04-01 15:10:42 - [TEST_STEP][PASSED] - getTransitionRequest = findTestObject("REST/Issue/GetTransition"): null

2020-04-01 15:10:42 - [TEST_STEP][PASSED] - try: null

2020-04-01 15:10:42 - [TEST_STEP][PASSED] - println(getTransitionRequest): null

2020-04-01 15:10:42 - [TEST_STEP][PASSED] - getTransitionRequest.setRestUrl(https://$GlobalVariable.URL/issue/$issueKey/transitions): null

2020-04-01 15:10:42 - [TEST_STEP][PASSED] - response = sendRequest(getTransitionRequest): Send request successfully

2020-04-01 15:10:45 - [MESSAGE][INFO] - HAR: /Users/michaelshechter/git/Katalon_JIRA_REST/Reports/20200401_151019/CreateIssue-Test suite/20200401_151019/requests/main/1.har

2020-04-01 15:10:45 - [MESSAGE][PASSED] - Send request successfully

2020-04-01 15:10:45 - [TEST_STEP][PASSED] - response = slurper.parseText(response.getResponseBodyContent()): null

2020-04-01 15:10:45 - [MESSAGE][PASSED] - Call Test Case 'Test Cases/Issue/getTransition' successfully

2020-04-01 15:10:45 - [TEST_STEP][PASSED] - println(### get transition response from  controller  = $GlobalVariable.response  #####): null

2020-04-01 15:10:45 - [TEST_STEP][PASSED] - transitions.each({ -> ... }): null

2020-04-01 15:10:45 - [TEST_STEP][PASSED] - transitionId = transitions.each({ -> ... }): null

2020-04-01 15:10:45 - [TEST_STEP][PASSED] - println(transitionId = $transitionId.id): null]]></system-out>
         <system-err><![CDATA[2020-04-01 15:10:36 - [TEST_CASE][ERROR] - Test Cases/Issue/Controller: Test Cases/Issue/Controller FAILED.
Reason:
groovy.lang.MissingPropertyException: No such property: id for class: java.lang.String
	at Controller.run(Controller:90)
	at com.kms.katalon.core.main.ScriptEngine.run(ScriptEngine.java:194)
	at com.kms.katalon.core.main.ScriptEngine.runScriptAsRawText(ScriptEngine.java:119)
	at com.kms.katalon.core.main.TestCaseExecutor.runScript(TestCaseExecutor.java:337)
	at com.kms.katalon.core.main.TestCaseExecutor.doExecute(TestCaseExecutor.java:328)
	at com.kms.katalon.core.main.TestCaseExecutor.processExecutionPhase(TestCaseExecutor.java:307)
	at com.kms.katalon.core.main.TestCaseExecutor.accessMainPhase(TestCaseExecutor.java:299)
	at com.kms.katalon.core.main.TestCaseExecutor.execute(TestCaseExecutor.java:233)
	at com.kms.katalon.core.main.TestSuiteExecutor.accessTestCaseMainPhase(TestSuiteExecutor.java:169)
	at com.kms.katalon.core.main.TestSuiteExecutor.accessTestSuiteMainPhase(TestSuiteExecutor.java:142)
	at com.kms.katalon.core.main.TestSuiteExecutor.execute(TestSuiteExecutor.java:91)
	at com.kms.katalon.core.main.TestCaseMain.startTestSuite(TestCaseMain.java:157)
	at com.kms.katalon.core.main.TestCaseMain$startTestSuite$0.call(Unknown Source)
	at TempTestSuite1585743029882.run(TempTestSuite1585743029882.groovy:36)]]></system-err>
      </testcase>
      <system-out><![CDATA[2020-04-01 15:10:36 - [TEST_SUITE][ERROR] - CreateIssue-Test suite: Test Cases/Issue/Controller FAILED.
Reason:
groovy.lang.MissingPropertyException: No such property: id for class: java.lang.String
	at Controller.run(Controller:90)
	at com.kms.katalon.core.main.ScriptEngine.run(ScriptEngine.java:194)
	at com.kms.katalon.core.main.ScriptEngine.runScriptAsRawText(ScriptEngine.java:119)
	at com.kms.katalon.core.main.TestCaseExecutor.runScript(TestCaseExecutor.java:337)
	at com.kms.katalon.core.main.TestCaseExecutor.doExecute(TestCaseExecutor.java:328)
	at com.kms.katalon.core.main.TestCaseExecutor.processExecutionPhase(TestCaseExecutor.java:307)
	at com.kms.katalon.core.main.TestCaseExecutor.accessMainPhase(TestCaseExecutor.java:299)
	at com.kms.katalon.core.main.TestCaseExecutor.execute(TestCaseExecutor.java:233)
	at com.kms.katalon.core.main.TestSuiteExecutor.accessTestCaseMainPhase(TestSuiteExecutor.java:169)
	at com.kms.katalon.core.main.TestSuiteExecutor.accessTestSuiteMainPhase(TestSuiteExecutor.java:142)
	at com.kms.katalon.core.main.TestSuiteExecutor.execute(TestSuiteExecutor.java:91)
	at com.kms.katalon.core.main.TestCaseMain.startTestSuite(TestCaseMain.java:157)
	at com.kms.katalon.core.main.TestCaseMain$startTestSuite$0.call(Unknown Source)
	at TempTestSuite1585743029882.run(TempTestSuite1585743029882.groovy:36)]]></system-out>
      <system-err><![CDATA[2020-04-01 15:10:36 - [TEST_SUITE][ERROR] - CreateIssue-Test suite: Test Cases/Issue/Controller FAILED.
Reason:
groovy.lang.MissingPropertyException: No such property: id for class: java.lang.String
	at Controller.run(Controller:90)
	at com.kms.katalon.core.main.ScriptEngine.run(ScriptEngine.java:194)
	at com.kms.katalon.core.main.ScriptEngine.runScriptAsRawText(ScriptEngine.java:119)
	at com.kms.katalon.core.main.TestCaseExecutor.runScript(TestCaseExecutor.java:337)
	at com.kms.katalon.core.main.TestCaseExecutor.doExecute(TestCaseExecutor.java:328)
	at com.kms.katalon.core.main.TestCaseExecutor.processExecutionPhase(TestCaseExecutor.java:307)
	at com.kms.katalon.core.main.TestCaseExecutor.accessMainPhase(TestCaseExecutor.java:299)
	at com.kms.katalon.core.main.TestCaseExecutor.execute(TestCaseExecutor.java:233)
	at com.kms.katalon.core.main.TestSuiteExecutor.accessTestCaseMainPhase(TestSuiteExecutor.java:169)
	at com.kms.katalon.core.main.TestSuiteExecutor.accessTestSuiteMainPhase(TestSuiteExecutor.java:142)
	at com.kms.katalon.core.main.TestSuiteExecutor.execute(TestSuiteExecutor.java:91)
	at com.kms.katalon.core.main.TestCaseMain.startTestSuite(TestCaseMain.java:157)
	at com.kms.katalon.core.main.TestCaseMain$startTestSuite$0.call(Unknown Source)
	at TempTestSuite1585743029882.run(TempTestSuite1585743029882.groovy:36)]]></system-err>
   </testsuite>
</testsuites>
