<?xml version="1.0" encoding="UTF-8" standalone="no"?>
<!DOCTYPE log SYSTEM "logger.dtd">
<log>
<record>
  <date>2020-03-31T21:31:24</date>
  <millis>1585679484151</millis>
  <sequence>0</sequence>
  <level>START</level>
  <class>com.kms.katalon.core.logging.XmlKeywordLogger</class>
  <method>startSuite</method>
  <thread>1</thread>
  <message>Start Test Suite : Test Suites/CreateIssue-Test suite</message>
  <nestedLevel>0</nestedLevel>
  <property name="name">CreateIssue-Test suite</property>
  <property name="description"></property>
  <property name="id">Test Suites/CreateIssue-Test suite</property>
</record>
<record>
  <date>2020-03-31T21:31:24</date>
  <millis>1585679484163</millis>
  <sequence>1</sequence>
  <level>RUN_DATA</level>
  <class>com.kms.katalon.core.logging.XmlKeywordLogger</class>
  <method>logMessage</method>
  <thread>1</thread>
  <message>hostName = michaelshechter - 10.100.102.5</message>
  <nestedLevel>0</nestedLevel>
  <property name="hostName">michaelshechter - 10.100.102.5</property>
</record>
<record>
  <date>2020-03-31T21:31:24</date>
  <millis>1585679484163</millis>
  <sequence>2</sequence>
  <level>RUN_DATA</level>
  <class>com.kms.katalon.core.logging.XmlKeywordLogger</class>
  <method>logMessage</method>
  <thread>1</thread>
  <message>os = Mac OS X 64bit</message>
  <nestedLevel>0</nestedLevel>
  <property name="os">Mac OS X 64bit</property>
</record>
<record>
  <date>2020-03-31T21:31:24</date>
  <millis>1585679484164</millis>
  <sequence>3</sequence>
  <level>RUN_DATA</level>
  <class>com.kms.katalon.core.logging.XmlKeywordLogger</class>
  <method>logMessage</method>
  <thread>1</thread>
  <message>hostAddress = 10.100.102.5</message>
  <nestedLevel>0</nestedLevel>
  <property name="hostAddress">10.100.102.5</property>
</record>
<record>
  <date>2020-03-31T21:31:24</date>
  <millis>1585679484164</millis>
  <sequence>4</sequence>
  <level>RUN_DATA</level>
  <class>com.kms.katalon.core.logging.XmlKeywordLogger</class>
  <method>logMessage</method>
  <thread>1</thread>
  <message>katalonVersion = 7.2.1.1</message>
  <nestedLevel>0</nestedLevel>
  <property name="katalonVersion">7.2.1.1</property>
</record>
<record>
  <date>2020-03-31T21:31:24</date>
  <millis>1585679484308</millis>
  <sequence>5</sequence>
  <level>START</level>
  <class>com.kms.katalon.core.logging.XmlKeywordLogger</class>
  <method>startTest</method>
  <thread>1</thread>
  <message>Start Test Case : Test Cases/Issue/Controller</message>
  <nestedLevel>1</nestedLevel>
  <property name="name">Test Cases/Issue/Controller</property>
  <property name="description"></property>
  <property name="id">Test Cases/Issue/Controller</property>
  <property name="source">\\Users\\michaelshechter\\git\\Katalon_JIRA_REST\\Test Cases\\Issue\\Controller.tc</property>
  <property name="tag"></property>
  <property name="isOptional">false</property>
</record>
<record>
  <date>2020-03-31T21:31:24</date>
  <millis>1585679484377</millis>
  <sequence>7</sequence>
  <level>INFO</level>
  <class>com.kms.katalon.core.logging.XmlKeywordLogger</class>
  <method>logMessage</method>
  <thread>1</thread>
  <message>(Default) projectKey = SBC</message>
  <nestedLevel>1</nestedLevel>
</record>
<record>
  <date>2020-03-31T21:31:24</date>
  <millis>1585679484386</millis>
  <sequence>8</sequence>
  <level>INFO</level>
  <class>com.kms.katalon.core.logging.XmlKeywordLogger</class>
  <method>logMessage</method>
  <thread>1</thread>
  <message>(Default) issueType = Bug</message>
  <nestedLevel>1</nestedLevel>
</record>
<record>
  <date>2020-03-31T21:31:24</date>
  <millis>1585679484393</millis>
  <sequence>9</sequence>
  <level>INFO</level>
  <class>com.kms.katalon.core.logging.XmlKeywordLogger</class>
  <method>logMessage</method>
  <thread>1</thread>
  <message>(Default) summary = Michael-Test</message>
  <nestedLevel>1</nestedLevel>
</record>
<record>
  <date>2020-03-31T21:31:24</date>
  <millis>1585679484399</millis>
  <sequence>10</sequence>
  <level>INFO</level>
  <class>com.kms.katalon.core.logging.XmlKeywordLogger</class>
  <method>logMessage</method>
  <thread>1</thread>
  <message>(Default) typeOfBug = Bug</message>
  <nestedLevel>1</nestedLevel>
</record>
<record>
  <date>2020-03-31T21:31:24</date>
  <millis>1585679484407</millis>
  <sequence>11</sequence>
  <level>INFO</level>
  <class>com.kms.katalon.core.logging.XmlKeywordLogger</class>
  <method>logMessage</method>
  <thread>1</thread>
  <message>(Default) description = This is a rest API TEST</message>
  <nestedLevel>1</nestedLevel>
</record>
<record>
  <date>2020-03-31T21:31:24</date>
  <millis>1585679484413</millis>
  <sequence>12</sequence>
  <level>INFO</level>
  <class>com.kms.katalon.core.logging.XmlKeywordLogger</class>
  <method>logMessage</method>
  <thread>1</thread>
  <message>(Default) relevantPlatform = M1KB</message>
  <nestedLevel>1</nestedLevel>
</record>
<record>
  <date>2020-03-31T21:31:24</date>
  <millis>1585679484418</millis>
  <sequence>13</sequence>
  <level>INFO</level>
  <class>com.kms.katalon.core.logging.XmlKeywordLogger</class>
  <method>logMessage</method>
  <thread>1</thread>
  <message>(Default) foundInBuild = 1</message>
  <nestedLevel>1</nestedLevel>
</record>
<record>
  <date>2020-03-31T21:31:24</date>
  <millis>1585679484424</millis>
  <sequence>14</sequence>
  <level>INFO</level>
  <class>com.kms.katalon.core.logging.XmlKeywordLogger</class>
  <method>logMessage</method>
  <thread>1</thread>
  <message>(Default) assignee = arikk</message>
  <nestedLevel>1</nestedLevel>
</record>
<record>
  <date>2020-03-31T21:31:24</date>
  <millis>1585679484432</millis>
  <sequence>15</sequence>
  <level>INFO</level>
  <class>com.kms.katalon.core.logging.XmlKeywordLogger</class>
  <method>logMessage</method>
  <thread>1</thread>
  <message>(Default) reporter = michaelsh</message>
  <nestedLevel>1</nestedLevel>
</record>
<record>
  <date>2020-03-31T21:31:24</date>
  <millis>1585679484439</millis>
  <sequence>16</sequence>
  <level>INFO</level>
  <class>com.kms.katalon.core.logging.XmlKeywordLogger</class>
  <method>logMessage</method>
  <thread>1</thread>
  <message>(Default) component = General</message>
  <nestedLevel>1</nestedLevel>
</record>
<record>
  <date>2020-03-31T21:31:24</date>
  <millis>1585679484445</millis>
  <sequence>17</sequence>
  <level>INFO</level>
  <class>com.kms.katalon.core.logging.XmlKeywordLogger</class>
  <method>logMessage</method>
  <thread>1</thread>
  <message>(Default) version = SBC7.0_4</message>
  <nestedLevel>1</nestedLevel>
</record>
<record>
  <date>2020-03-31T21:31:24</date>
  <millis>1585679484452</millis>
  <sequence>18</sequence>
  <level>INFO</level>
  <class>com.kms.katalon.core.logging.XmlKeywordLogger</class>
  <method>logMessage</method>
  <thread>1</thread>
  <message>(Default) priority = Low</message>
  <nestedLevel>1</nestedLevel>
</record>
<record>
  <date>2020-03-31T21:31:24</date>
  <millis>1585679484457</millis>
  <sequence>19</sequence>
  <level>INFO</level>
  <class>com.kms.katalon.core.logging.XmlKeywordLogger</class>
  <method>logMessage</method>
  <thread>1</thread>
  <message>(Default) bugType = Functional</message>
  <nestedLevel>1</nestedLevel>
</record>
<record>
  <date>2020-03-31T21:31:24</date>
  <millis>1585679484461</millis>
  <sequence>20</sequence>
  <level>INFO</level>
  <class>com.kms.katalon.core.logging.XmlKeywordLogger</class>
  <method>logMessage</method>
  <thread>1</thread>
  <message>(Default) issueKey = </message>
  <nestedLevel>1</nestedLevel>
</record>
<record>
  <date>2020-03-31T21:31:24</date>
  <millis>1585679484717</millis>
  <sequence>21</sequence>
  <level>START</level>
  <class>com.kms.katalon.core.logging.XmlKeywordLogger</class>
  <method>startKeyword</method>
  <thread>1</thread>
  <message>Start action : body = \n{\n   \r\n    \&amp;quot;fields\&amp;quot;:{\n      \r\n       \&amp;quot;project\&amp;quot;:\r\n      {\n         \r\n          \&amp;quot;key\&amp;quot;:\&amp;quot;$projectKey\&amp;quot;         \r\n\n      },\n      \r\n       \&amp;quot;summary\&amp;quot;:\&amp;quot;$summary\&amp;quot;,\n      \r\n       \&amp;quot;description\&amp;quot;:\&amp;quot;$description\&amp;quot;,\n      \r\n       \&amp;quot;customfield_10107\&amp;quot;:{\n         \&amp;quot;value\&amp;quot;:\&amp;quot;$typeOfBug\&amp;quot;\n      },\n      \r\n       \&amp;quot;customfield_10113\&amp;quot;:[\n         {\n            \&amp;quot;value\&amp;quot;:\&amp;quot;$relevantPlatform\&amp;quot;\n         }\n      ],\n      \r\n       \&amp;quot;customfield_10114\&amp;quot;:\&amp;quot;$foundInBuild\&amp;quot;,\n      \r\n       \&amp;quot;customfield_10102\&amp;quot;:{\n         \r\n      \&amp;quot;value\&amp;quot;:\&amp;quot;$bugType\&amp;quot;\r\n\n      },\n      \r\n        \&amp;quot;assignee\&amp;quot;:{\&amp;quot;name\&amp;quot;:\&amp;quot;$assignee\&amp;quot;\r\n},\n                \&amp;quot;reporter\&amp;quot;:{\n         \r\n      \&amp;quot;name\&amp;quot;:\&amp;quot;$reporter\&amp;quot;\r\n\n      },\n      \r\n    \&amp;quot;components\&amp;quot;:[\n         \r\n         {\n            \r\n        \&amp;quot;name\&amp;quot;:\&amp;quot;$component\&amp;quot;\r\n\n         }         \r\n\n      ],\n      \r\n    \&amp;quot;versions\&amp;quot;:[\n         \r\n         {\n            \r\n        \&amp;quot;name\&amp;quot;:\&amp;quot;$version\&amp;quot;\r\n\n         }         \r\n\n      ],\n      \r\n          \&amp;quot;priority\&amp;quot;:{\n         \r\n      \&amp;quot;name\&amp;quot;:\&amp;quot;$priority\&amp;quot;\r\n\n      },\n      \r\n       \&amp;quot;issuetype\&amp;quot;:{\n         \r\n          \&amp;quot;name\&amp;quot;:\&amp;quot;$issueType\&amp;quot; \r\n\n      }      \r\n\n   }   \r\n\n}\r\n\n</message>
  <nestedLevel>1</nestedLevel>
  <property name="startLine">28</property>
  <property name="stepIndex">1</property>
</record>
<record>
  <date>2020-03-31T21:31:24</date>
  <millis>1585679484725</millis>
  <sequence>22</sequence>
  <level>END</level>
  <class>com.kms.katalon.core.logging.XmlKeywordLogger</class>
  <method>endKeyword</method>
  <thread>1</thread>
  <message>End action : body = \n{\n   \r\n    \&amp;quot;fields\&amp;quot;:{\n      \r\n       \&amp;quot;project\&amp;quot;:\r\n      {\n         \r\n          \&amp;quot;key\&amp;quot;:\&amp;quot;$projectKey\&amp;quot;         \r\n\n      },\n      \r\n       \&amp;quot;summary\&amp;quot;:\&amp;quot;$summary\&amp;quot;,\n      \r\n       \&amp;quot;description\&amp;quot;:\&amp;quot;$description\&amp;quot;,\n      \r\n       \&amp;quot;customfield_10107\&amp;quot;:{\n         \&amp;quot;value\&amp;quot;:\&amp;quot;$typeOfBug\&amp;quot;\n      },\n      \r\n       \&amp;quot;customfield_10113\&amp;quot;:[\n         {\n            \&amp;quot;value\&amp;quot;:\&amp;quot;$relevantPlatform\&amp;quot;\n         }\n      ],\n      \r\n       \&amp;quot;customfield_10114\&amp;quot;:\&amp;quot;$foundInBuild\&amp;quot;,\n      \r\n       \&amp;quot;customfield_10102\&amp;quot;:{\n         \r\n      \&amp;quot;value\&amp;quot;:\&amp;quot;$bugType\&amp;quot;\r\n\n      },\n      \r\n        \&amp;quot;assignee\&amp;quot;:{\&amp;quot;name\&amp;quot;:\&amp;quot;$assignee\&amp;quot;\r\n},\n                \&amp;quot;reporter\&amp;quot;:{\n         \r\n      \&amp;quot;name\&amp;quot;:\&amp;quot;$reporter\&amp;quot;\r\n\n      },\n      \r\n    \&amp;quot;components\&amp;quot;:[\n         \r\n         {\n            \r\n        \&amp;quot;name\&amp;quot;:\&amp;quot;$component\&amp;quot;\r\n\n         }         \r\n\n      ],\n      \r\n    \&amp;quot;versions\&amp;quot;:[\n         \r\n         {\n            \r\n        \&amp;quot;name\&amp;quot;:\&amp;quot;$version\&amp;quot;\r\n\n         }         \r\n\n      ],\n      \r\n          \&amp;quot;priority\&amp;quot;:{\n         \r\n      \&amp;quot;name\&amp;quot;:\&amp;quot;$priority\&amp;quot;\r\n\n      },\n      \r\n       \&amp;quot;issuetype\&amp;quot;:{\n         \r\n          \&amp;quot;name\&amp;quot;:\&amp;quot;$issueType\&amp;quot; \r\n\n      }      \r\n\n   }   \r\n\n}\r\n\n</message>
  <nestedLevel>1</nestedLevel>
</record>
<record>
  <date>2020-03-31T21:31:24</date>
  <millis>1585679484726</millis>
  <sequence>23</sequence>
  <level>START</level>
  <class>com.kms.katalon.core.logging.XmlKeywordLogger</class>
  <method>startKeyword</method>
  <thread>1</thread>
  <message>Start action : callTestCase(findTestCase(\&amp;quot;Issue/Create_Issue\&amp;quot;), [\&amp;quot;body\&amp;quot;:body], STOP_ON_FAILURE)</message>
  <nestedLevel>1</nestedLevel>
  <property name="startLine">73</property>
  <property name="stepIndex">2</property>
</record>
<record>
  <date>2020-03-31T21:31:24</date>
  <millis>1585679484822</millis>
  <sequence>26</sequence>
  <level>START</level>
  <class>com.kms.katalon.core.logging.XmlKeywordLogger</class>
  <method>startTest</method>
  <thread>1</thread>
  <message>Start Test Case : Test Cases/Issue/Create_Issue</message>
  <nestedLevel>2</nestedLevel>
  <property name="name">Test Cases/Issue/Create_Issue</property>
  <property name="description"></property>
  <property name="id">Test Cases/Issue/Create_Issue</property>
  <property name="source">\\Users\\michaelshechter\\git\\Katalon_JIRA_REST\\Test Cases\\Issue\\Create_Issue.tc</property>
  <property name="tag"></property>
  <property name="isOptional">false</property>
</record>
<record>
  <date>2020-03-31T21:31:24</date>
  <millis>1585679484829</millis>
  <sequence>27</sequence>
  <level>END</level>
  <class>com.kms.katalon.core.logging.XmlKeywordLogger</class>
  <method>endTest</method>
  <thread>1</thread>
  <message>End Test Case : Test Cases/Issue/Create_Issue</message>
  <nestedLevel>1</nestedLevel>
</record>
<record>
  <date>2020-03-31T21:31:24</date>
  <millis>1585679484842</millis>
  <sequence>30</sequence>
  <level>FAILED</level>
  <class>com.kms.katalon.core.logging.XmlKeywordLogger</class>
  <method>logMessage</method>
  <thread>1</thread>
  <message>Unable to call Test Case &amp;apos;Test Cases/Issue/Create_Issue&amp;apos; (Root cause: org.codehaus.groovy.control.MultipleCompilationErrorsException: startup failed:\nscript1585679484823.groovy: 45: unexpected token: * @ line 45, column 1.\n   */\n   ^\n\n1 error\n\n\tat com.kms.katalon.core.main.TestCaseMethodNodeCollector.&amp;lt;init&amp;gt;(TestCaseMethodNodeCollector.java:42)\n\tat com.kms.katalon.core.main.TestCaseExecutor.processScriptPreparationPhase(TestCaseExecutor.java:141)\n\tat com.kms.katalon.core.main.TestCaseExecutor.execute(TestCaseExecutor.java:210)\n\tat com.kms.katalon.core.main.TestCaseMain.runTestCase(TestCaseMain.java:114)\n\tat com.kms.katalon.core.keyword.builtin.CallTestCaseKeyword$_callTestCase_closure1.doCall(CallTestCaseKeyword.groovy:59)\n\tat com.kms.katalon.core.keyword.builtin.CallTestCaseKeyword$_callTestCase_closure1.call(CallTestCaseKeyword.groovy)\n\tat com.kms.katalon.core.keyword.internal.KeywordMain.runKeyword(KeywordMain.groovy:68)\n\tat com.kms.katalon.core.keyword.builtin.CallTestCaseKeyword.callTestCase(CallTestCaseKeyword.groovy:81)\n\tat com.kms.katalon.core.keyword.builtin.CallTestCaseKeyword.execute(CallTestCaseKeyword.groovy:44)\n\tat com.kms.katalon.core.keyword.internal.KeywordExecutor.executeKeywordForPlatform(KeywordExecutor.groovy:72)\n\tat com.kms.katalon.core.keyword.BuiltinKeywords.callTestCase(BuiltinKeywords.groovy:334)\n\tat Controller.run(Controller:73)\n\tat com.kms.katalon.core.main.ScriptEngine.run(ScriptEngine.java:194)\n\tat com.kms.katalon.core.main.ScriptEngine.runScriptAsRawText(ScriptEngine.java:119)\n\tat com.kms.katalon.core.main.TestCaseExecutor.runScript(TestCaseExecutor.java:337)\n\tat com.kms.katalon.core.main.TestCaseExecutor.doExecute(TestCaseExecutor.java:328)\n\tat com.kms.katalon.core.main.TestCaseExecutor.processExecutionPhase(TestCaseExecutor.java:307)\n\tat com.kms.katalon.core.main.TestCaseExecutor.accessMainPhase(TestCaseExecutor.java:299)\n\tat com.kms.katalon.core.main.TestCaseExecutor.execute(TestCaseExecutor.java:233)\n\tat com.kms.katalon.core.main.TestSuiteExecutor.accessTestCaseMainPhase(TestSuiteExecutor.java:169)\n\tat com.kms.katalon.core.main.TestSuiteExecutor.accessTestSuiteMainPhase(TestSuiteExecutor.java:142)\n\tat com.kms.katalon.core.main.TestSuiteExecutor.execute(TestSuiteExecutor.java:91)\n\tat com.kms.katalon.core.main.TestCaseMain.startTestSuite(TestCaseMain.java:157)\n\tat com.kms.katalon.core.main.TestCaseMain$startTestSuite$0.call(Unknown Source)\n\tat TempTestSuite1585679478360.run(TempTestSuite1585679478360.groovy:36)\n)</message>
  <nestedLevel>1</nestedLevel>
  <property name="failed.exception.class">org.codehaus.groovy.control.MultipleCompilationErrorsException</property>
  <property name="failed.exception.stacktrace">org.codehaus.groovy.control.MultipleCompilationErrorsException: startup failed:\nscript1585679484823.groovy: 45: unexpected token: * @ line 45, column 1.\n   */\n   ^\n\n1 error\n\n\tat com.kms.katalon.core.main.TestCaseMethodNodeCollector.&lt;init&gt;(TestCaseMethodNodeCollector.java:42)\n\tat com.kms.katalon.core.main.TestCaseExecutor.processScriptPreparationPhase(TestCaseExecutor.java:141)\n\tat com.kms.katalon.core.main.TestCaseExecutor.execute(TestCaseExecutor.java:210)\n\tat com.kms.katalon.core.main.TestCaseMain.runTestCase(TestCaseMain.java:114)\n\tat com.kms.katalon.core.keyword.builtin.CallTestCaseKeyword$_callTestCase_closure1.doCall(CallTestCaseKeyword.groovy:59)\n\tat com.kms.katalon.core.keyword.builtin.CallTestCaseKeyword$_callTestCase_closure1.call(CallTestCaseKeyword.groovy)\n\tat com.kms.katalon.core.keyword.internal.KeywordMain.runKeyword(KeywordMain.groovy:68)\n\tat com.kms.katalon.core.keyword.builtin.CallTestCaseKeyword.callTestCase(CallTestCaseKeyword.groovy:81)\n\tat com.kms.katalon.core.keyword.builtin.CallTestCaseKeyword.execute(CallTestCaseKeyword.groovy:44)\n\tat com.kms.katalon.core.keyword.internal.KeywordExecutor.executeKeywordForPlatform(KeywordExecutor.groovy:72)\n\tat com.kms.katalon.core.keyword.BuiltinKeywords.callTestCase(BuiltinKeywords.groovy:334)\n\tat Controller.run(Controller:73)\n\tat com.kms.katalon.core.main.ScriptEngine.run(ScriptEngine.java:194)\n\tat com.kms.katalon.core.main.ScriptEngine.runScriptAsRawText(ScriptEngine.java:119)\n\tat com.kms.katalon.core.main.TestCaseExecutor.runScript(TestCaseExecutor.java:337)\n\tat com.kms.katalon.core.main.TestCaseExecutor.doExecute(TestCaseExecutor.java:328)\n\tat com.kms.katalon.core.main.TestCaseExecutor.processExecutionPhase(TestCaseExecutor.java:307)\n\tat com.kms.katalon.core.main.TestCaseExecutor.accessMainPhase(TestCaseExecutor.java:299)\n\tat com.kms.katalon.core.main.TestCaseExecutor.execute(TestCaseExecutor.java:233)\n\tat com.kms.katalon.core.main.TestSuiteExecutor.accessTestCaseMainPhase(TestSuiteExecutor.java:169)\n\tat com.kms.katalon.core.main.TestSuiteExecutor.accessTestSuiteMainPhase(TestSuiteExecutor.java:142)\n\tat com.kms.katalon.core.main.TestSuiteExecutor.execute(TestSuiteExecutor.java:91)\n\tat com.kms.katalon.core.main.TestCaseMain.startTestSuite(TestCaseMain.java:157)\n\tat com.kms.katalon.core.main.TestCaseMain$startTestSuite$0.call(Unknown Source)\n\tat TempTestSuite1585679478360.run(TempTestSuite1585679478360.groovy:36)\n</property>
  <property name="failed.exception.message">startup failed:\nscript1585679484823.groovy: 45: unexpected token: * @ line 45, column 1.\n   */\n   ^\n\n1 error\n</property>
</record>
<record>
  <date>2020-03-31T21:31:24</date>
  <millis>1585679484845</millis>
  <sequence>31</sequence>
  <level>END</level>
  <class>com.kms.katalon.core.logging.XmlKeywordLogger</class>
  <method>endKeyword</method>
  <thread>1</thread>
  <message>End action : callTestCase(findTestCase(\&amp;quot;Issue/Create_Issue\&amp;quot;), [\&amp;quot;body\&amp;quot;:body], STOP_ON_FAILURE)</message>
  <nestedLevel>1</nestedLevel>
</record>
<record>
  <date>2020-03-31T21:31:24</date>
  <millis>1585679484846</millis>
  <sequence>34</sequence>
  <level>FAILED</level>
  <class>com.kms.katalon.core.logging.XmlKeywordLogger</class>
  <method>logMessage</method>
  <thread>1</thread>
  <message>Test Cases/Issue/Controller FAILED.\nReason:\ncom.kms.katalon.core.exception.StepFailedException: Unable to call Test Case &amp;apos;Test Cases/Issue/Create_Issue&amp;apos; (Root cause: org.codehaus.groovy.control.MultipleCompilationErrorsException: startup failed:\nscript1585679484823.groovy: 45: unexpected token: * @ line 45, column 1.\n   */\n   ^\n\n1 error\n\n\tat com.kms.katalon.core.main.TestCaseMethodNodeCollector.&amp;lt;init&amp;gt;(TestCaseMethodNodeCollector.java:42)\n\tat com.kms.katalon.core.main.TestCaseExecutor.processScriptPreparationPhase(TestCaseExecutor.java:141)\n\tat com.kms.katalon.core.main.TestCaseExecutor.execute(TestCaseExecutor.java:210)\n\tat com.kms.katalon.core.main.TestCaseMain.runTestCase(TestCaseMain.java:114)\n\tat com.kms.katalon.core.keyword.builtin.CallTestCaseKeyword$_callTestCase_closure1.doCall(CallTestCaseKeyword.groovy:59)\n\tat com.kms.katalon.core.keyword.builtin.CallTestCaseKeyword$_callTestCase_closure1.call(CallTestCaseKeyword.groovy)\n\tat com.kms.katalon.core.keyword.internal.KeywordMain.runKeyword(KeywordMain.groovy:68)\n\tat com.kms.katalon.core.keyword.builtin.CallTestCaseKeyword.callTestCase(CallTestCaseKeyword.groovy:81)\n\tat com.kms.katalon.core.keyword.builtin.CallTestCaseKeyword.execute(CallTestCaseKeyword.groovy:44)\n\tat com.kms.katalon.core.keyword.internal.KeywordExecutor.executeKeywordForPlatform(KeywordExecutor.groovy:72)\n\tat com.kms.katalon.core.keyword.BuiltinKeywords.callTestCase(BuiltinKeywords.groovy:334)\n\tat Controller.run(Controller:73)\n\tat com.kms.katalon.core.main.ScriptEngine.run(ScriptEngine.java:194)\n\tat com.kms.katalon.core.main.ScriptEngine.runScriptAsRawText(ScriptEngine.java:119)\n\tat com.kms.katalon.core.main.TestCaseExecutor.runScript(TestCaseExecutor.java:337)\n\tat com.kms.katalon.core.main.TestCaseExecutor.doExecute(TestCaseExecutor.java:328)\n\tat com.kms.katalon.core.main.TestCaseExecutor.processExecutionPhase(TestCaseExecutor.java:307)\n\tat com.kms.katalon.core.main.TestCaseExecutor.accessMainPhase(TestCaseExecutor.java:299)\n\tat com.kms.katalon.core.main.TestCaseExecutor.execute(TestCaseExecutor.java:233)\n\tat com.kms.katalon.core.main.TestSuiteExecutor.accessTestCaseMainPhase(TestSuiteExecutor.java:169)\n\tat com.kms.katalon.core.main.TestSuiteExecutor.accessTestSuiteMainPhase(TestSuiteExecutor.java:142)\n\tat com.kms.katalon.core.main.TestSuiteExecutor.execute(TestSuiteExecutor.java:91)\n\tat com.kms.katalon.core.main.TestCaseMain.startTestSuite(TestCaseMain.java:157)\n\tat com.kms.katalon.core.main.TestCaseMain$startTestSuite$0.call(Unknown Source)\n\tat TempTestSuite1585679478360.run(TempTestSuite1585679478360.groovy:36)\n)\n\tat com.kms.katalon.core.keyword.internal.KeywordMain.stepFailed(KeywordMain.groovy:50)\n\tat com.kms.katalon.core.keyword.internal.KeywordMain.stepFailed(KeywordMain.groovy)\n\tat com.kms.katalon.core.keyword.internal.KeywordMain.runKeyword(KeywordMain.groovy:70)\n\tat com.kms.katalon.core.keyword.builtin.CallTestCaseKeyword.callTestCase(CallTestCaseKeyword.groovy:81)\n\tat com.kms.katalon.core.keyword.builtin.CallTestCaseKeyword.execute(CallTestCaseKeyword.groovy:44)\n\tat com.kms.katalon.core.keyword.internal.KeywordExecutor.executeKeywordForPlatform(KeywordExecutor.groovy:72)\n\tat com.kms.katalon.core.keyword.BuiltinKeywords.callTestCase(BuiltinKeywords.groovy:334)\n\tat Controller.run(Controller:73)\n\tat com.kms.katalon.core.main.ScriptEngine.run(ScriptEngine.java:194)\n\tat com.kms.katalon.core.main.ScriptEngine.runScriptAsRawText(ScriptEngine.java:119)\n\tat com.kms.katalon.core.main.TestCaseExecutor.runScript(TestCaseExecutor.java:337)\n\tat com.kms.katalon.core.main.TestCaseExecutor.doExecute(TestCaseExecutor.java:328)\n\tat com.kms.katalon.core.main.TestCaseExecutor.processExecutionPhase(TestCaseExecutor.java:307)\n\tat com.kms.katalon.core.main.TestCaseExecutor.accessMainPhase(TestCaseExecutor.java:299)\n\tat com.kms.katalon.core.main.TestCaseExecutor.execute(TestCaseExecutor.java:233)\n\tat com.kms.katalon.core.main.TestSuiteExecutor.accessTestCaseMainPhase(TestSuiteExecutor.java:169)\n\tat com.kms.katalon.core.main.TestSuiteExecutor.accessTestSuiteMainPhase(TestSuiteExecutor.java:142)\n\tat com.kms.katalon.core.main.TestSuiteExecutor.execute(TestSuiteExecutor.java:91)\n\tat com.kms.katalon.core.main.TestCaseMain.startTestSuite(TestCaseMain.java:157)\n\tat com.kms.katalon.core.main.TestCaseMain$startTestSuite$0.call(Unknown Source)\n\tat TempTestSuite1585679478360.run(TempTestSuite1585679478360.groovy:36)\nCaused by: org.codehaus.groovy.control.MultipleCompilationErrorsException: startup failed:\nscript1585679484823.groovy: 45: unexpected token: * @ line 45, column 1.\n   */\n   ^\n\n1 error\n\n\tat com.kms.katalon.core.main.TestCaseMethodNodeCollector.&amp;lt;init&amp;gt;(TestCaseMethodNodeCollector.java:42)\n\tat com.kms.katalon.core.main.TestCaseExecutor.processScriptPreparationPhase(TestCaseExecutor.java:141)\n\tat com.kms.katalon.core.main.TestCaseExecutor.execute(TestCaseExecutor.java:210)\n\tat com.kms.katalon.core.main.TestCaseMain.runTestCase(TestCaseMain.java:114)\n\tat com.kms.katalon.core.keyword.builtin.CallTestCaseKeyword$_callTestCase_closure1.doCall(CallTestCaseKeyword.groovy:59)\n\tat com.kms.katalon.core.keyword.builtin.CallTestCaseKeyword$_callTestCase_closure1.call(CallTestCaseKeyword.groovy)\n\tat com.kms.katalon.core.keyword.internal.KeywordMain.runKeyword(KeywordMain.groovy:68)\n\t... 18 more\n</message>
  <exception>
    <message>com.kms.katalon.core.exception.StepFailedException: Unable to call Test Case 'Test Cases/Issue/Create_Issue' (Root cause: org.codehaus.groovy.control.MultipleCompilationErrorsException: startup failed:
script1585679484823.groovy: 45: unexpected token: * @ line 45, column 1.
   */
   ^

1 error

	at com.kms.katalon.core.main.TestCaseMethodNodeCollector.&lt;init&gt;(TestCaseMethodNodeCollector.java:42)
	at com.kms.katalon.core.main.TestCaseExecutor.processScriptPreparationPhase(TestCaseExecutor.java:141)
	at com.kms.katalon.core.main.TestCaseExecutor.execute(TestCaseExecutor.java:210)
	at com.kms.katalon.core.main.TestCaseMain.runTestCase(TestCaseMain.java:114)
	at com.kms.katalon.core.keyword.builtin.CallTestCaseKeyword$_callTestCase_closure1.doCall(CallTestCaseKeyword.groovy:59)
	at com.kms.katalon.core.keyword.builtin.CallTestCaseKeyword$_callTestCase_closure1.call(CallTestCaseKeyword.groovy)
	at com.kms.katalon.core.keyword.internal.KeywordMain.runKeyword(KeywordMain.groovy:68)
	at com.kms.katalon.core.keyword.builtin.CallTestCaseKeyword.callTestCase(CallTestCaseKeyword.groovy:81)
	at com.kms.katalon.core.keyword.builtin.CallTestCaseKeyword.execute(CallTestCaseKeyword.groovy:44)
	at com.kms.katalon.core.keyword.internal.KeywordExecutor.executeKeywordForPlatform(KeywordExecutor.groovy:72)
	at com.kms.katalon.core.keyword.BuiltinKeywords.callTestCase(BuiltinKeywords.groovy:334)
	at Controller.run(Controller:73)
	at com.kms.katalon.core.main.ScriptEngine.run(ScriptEngine.java:194)
	at com.kms.katalon.core.main.ScriptEngine.runScriptAsRawText(ScriptEngine.java:119)
	at com.kms.katalon.core.main.TestCaseExecutor.runScript(TestCaseExecutor.java:337)
	at com.kms.katalon.core.main.TestCaseExecutor.doExecute(TestCaseExecutor.java:328)
	at com.kms.katalon.core.main.TestCaseExecutor.processExecutionPhase(TestCaseExecutor.java:307)
	at com.kms.katalon.core.main.TestCaseExecutor.accessMainPhase(TestCaseExecutor.java:299)
	at com.kms.katalon.core.main.TestCaseExecutor.execute(TestCaseExecutor.java:233)
	at com.kms.katalon.core.main.TestSuiteExecutor.accessTestCaseMainPhase(TestSuiteExecutor.java:169)
	at com.kms.katalon.core.main.TestSuiteExecutor.accessTestSuiteMainPhase(TestSuiteExecutor.java:142)
	at com.kms.katalon.core.main.TestSuiteExecutor.execute(TestSuiteExecutor.java:91)
	at com.kms.katalon.core.main.TestCaseMain.startTestSuite(TestCaseMain.java:157)
	at com.kms.katalon.core.main.TestCaseMain$startTestSuite$0.call(Unknown Source)
	at TempTestSuite1585679478360.run(TempTestSuite1585679478360.groovy:36)
)</message>
    <frame>
      <class>com.kms.katalon.core.keyword.internal.KeywordMain</class>
      <method>stepFailed</method>
      <line>50</line>
    </frame>
    <frame>
      <class>com.kms.katalon.core.keyword.internal.KeywordMain</class>
      <method>stepFailed</method>
    </frame>
    <frame>
      <class>com.kms.katalon.core.keyword.internal.KeywordMain</class>
      <method>runKeyword</method>
      <line>70</line>
    </frame>
    <frame>
      <class>com.kms.katalon.core.keyword.builtin.CallTestCaseKeyword</class>
      <method>callTestCase</method>
      <line>81</line>
    </frame>
    <frame>
      <class>com.kms.katalon.core.keyword.builtin.CallTestCaseKeyword</class>
      <method>execute</method>
      <line>44</line>
    </frame>
    <frame>
      <class>com.kms.katalon.core.keyword.internal.KeywordExecutor</class>
      <method>executeKeywordForPlatform</method>
      <line>72</line>
    </frame>
    <frame>
      <class>com.kms.katalon.core.keyword.BuiltinKeywords</class>
      <method>callTestCase</method>
      <line>334</line>
    </frame>
    <frame>
      <class>Controller</class>
      <method>run</method>
      <line>73</line>
    </frame>
    <frame>
      <class>com.kms.katalon.core.main.ScriptEngine</class>
      <method>run</method>
      <line>194</line>
    </frame>
    <frame>
      <class>com.kms.katalon.core.main.ScriptEngine</class>
      <method>runScriptAsRawText</method>
      <line>119</line>
    </frame>
    <frame>
      <class>com.kms.katalon.core.main.TestCaseExecutor</class>
      <method>runScript</method>
      <line>337</line>
    </frame>
    <frame>
      <class>com.kms.katalon.core.main.TestCaseExecutor</class>
      <method>doExecute</method>
      <line>328</line>
    </frame>
    <frame>
      <class>com.kms.katalon.core.main.TestCaseExecutor</class>
      <method>processExecutionPhase</method>
      <line>307</line>
    </frame>
    <frame>
      <class>com.kms.katalon.core.main.TestCaseExecutor</class>
      <method>accessMainPhase</method>
      <line>299</line>
    </frame>
    <frame>
      <class>com.kms.katalon.core.main.TestCaseExecutor</class>
      <method>execute</method>
      <line>233</line>
    </frame>
    <frame>
      <class>com.kms.katalon.core.main.TestSuiteExecutor</class>
      <method>accessTestCaseMainPhase</method>
      <line>169</line>
    </frame>
    <frame>
      <class>com.kms.katalon.core.main.TestSuiteExecutor</class>
      <method>accessTestSuiteMainPhase</method>
      <line>142</line>
    </frame>
    <frame>
      <class>com.kms.katalon.core.main.TestSuiteExecutor</class>
      <method>execute</method>
      <line>91</line>
    </frame>
    <frame>
      <class>com.kms.katalon.core.main.TestCaseMain</class>
      <method>startTestSuite</method>
      <line>157</line>
    </frame>
    <frame>
      <class>com.kms.katalon.core.main.TestCaseMain$startTestSuite$0</class>
      <method>call</method>
    </frame>
    <frame>
      <class>TempTestSuite1585679478360</class>
      <method>run</method>
      <line>36</line>
    </frame>
  </exception>
  <nestedLevel>0</nestedLevel>
  <property name="failed.exception.stacktrace">org.codehaus.groovy.control.MultipleCompilationErrorsException: startup failed:\nscript1585679484823.groovy: 45: unexpected token: * @ line 45, column 1.\n   */\n   ^\n\n1 error\n\n\tat com.kms.katalon.core.main.TestCaseMethodNodeCollector.&lt;init&gt;(TestCaseMethodNodeCollector.java:42)\n\tat com.kms.katalon.core.main.TestCaseExecutor.processScriptPreparationPhase(TestCaseExecutor.java:141)\n\tat com.kms.katalon.core.main.TestCaseExecutor.execute(TestCaseExecutor.java:210)\n\tat com.kms.katalon.core.main.TestCaseMain.runTestCase(TestCaseMain.java:114)\n\tat com.kms.katalon.core.keyword.builtin.CallTestCaseKeyword$_callTestCase_closure1.doCall(CallTestCaseKeyword.groovy:59)\n\tat com.kms.katalon.core.keyword.builtin.CallTestCaseKeyword$_callTestCase_closure1.call(CallTestCaseKeyword.groovy)\n\tat com.kms.katalon.core.keyword.internal.KeywordMain.runKeyword(KeywordMain.groovy:68)\n\tat com.kms.katalon.core.keyword.builtin.CallTestCaseKeyword.callTestCase(CallTestCaseKeyword.groovy:81)\n\tat com.kms.katalon.core.keyword.builtin.CallTestCaseKeyword.execute(CallTestCaseKeyword.groovy:44)\n\tat com.kms.katalon.core.keyword.internal.KeywordExecutor.executeKeywordForPlatform(KeywordExecutor.groovy:72)\n\tat com.kms.katalon.core.keyword.BuiltinKeywords.callTestCase(BuiltinKeywords.groovy:334)\n\tat Controller.run(Controller:73)\n\tat com.kms.katalon.core.main.ScriptEngine.run(ScriptEngine.java:194)\n\tat com.kms.katalon.core.main.ScriptEngine.runScriptAsRawText(ScriptEngine.java:119)\n\tat com.kms.katalon.core.main.TestCaseExecutor.runScript(TestCaseExecutor.java:337)\n\tat com.kms.katalon.core.main.TestCaseExecutor.doExecute(TestCaseExecutor.java:328)\n\tat com.kms.katalon.core.main.TestCaseExecutor.processExecutionPhase(TestCaseExecutor.java:307)\n\tat com.kms.katalon.core.main.TestCaseExecutor.accessMainPhase(TestCaseExecutor.java:299)\n\tat com.kms.katalon.core.main.TestCaseExecutor.execute(TestCaseExecutor.java:233)\n\tat com.kms.katalon.core.main.TestSuiteExecutor.accessTestCaseMainPhase(TestSuiteExecutor.java:169)\n\tat com.kms.katalon.core.main.TestSuiteExecutor.accessTestSuiteMainPhase(TestSuiteExecutor.java:142)\n\tat com.kms.katalon.core.main.TestSuiteExecutor.execute(TestSuiteExecutor.java:91)\n\tat com.kms.katalon.core.main.TestCaseMain.startTestSuite(TestCaseMain.java:157)\n\tat com.kms.katalon.core.main.TestCaseMain$startTestSuite$0.call(Unknown Source)\n\tat TempTestSuite1585679478360.run(TempTestSuite1585679478360.groovy:36)\n</property>
  <property name="failed.exception.class">org.codehaus.groovy.control.MultipleCompilationErrorsException</property>
  <property name="failed.exception.message">startup failed:\nscript1585679484823.groovy: 45: unexpected token: * @ line 45, column 1.\n   */\n   ^\n\n1 error\n</property>
</record>
<record>
  <date>2020-03-31T21:31:24</date>
  <millis>1585679484850</millis>
  <sequence>36</sequence>
  <level>END</level>
  <class>com.kms.katalon.core.logging.XmlKeywordLogger</class>
  <method>endTest</method>
  <thread>1</thread>
  <message>End Test Case : Test Cases/Issue/Controller</message>
  <nestedLevel>0</nestedLevel>
</record>
<record>
  <date>2020-03-31T21:31:24</date>
  <millis>1585679484889</millis>
  <sequence>37</sequence>
  <level>END</level>
  <class>com.kms.katalon.core.logging.XmlKeywordLogger</class>
  <method>endSuite</method>
  <thread>1</thread>
  <message>End Test Suite : Test Suites/CreateIssue-Test suite</message>
  <nestedLevel>0</nestedLevel>
</record>
</log>
