<?xml version="1.0" encoding="UTF-8"?>
<testsuites name="CreateIssue-Test suite" time="0.587" tests="1" failures="0" errors="1">
   <testsuite name="CreateIssue-Test suite" tests="1" failures="0" errors="1" time="0.587" timestamp="2020-03-16 17:01:58" hostname="michaelshechter - 10.100.102.5" id="Test Suites/CreateIssue-Test suite">
      <properties>
         <property name="deviceName" value=""/>
         <property name="devicePlatform" value=""/>
         <property name="logFolder" value="/Users/michaelshechter/git/Katalon_JIRA_REST/Reports/20200316_170143/CreateIssue-Test suite/20200316_170143"/>
         <property name="logFiles" value="/Users/michaelshechter/git/Katalon_JIRA_REST/Reports/20200316_170143/CreateIssue-Test suite/20200316_170143/execution0.log"/>
         <property name="attachments" value=""/>
         <property name="hostName" value="michaelshechter - 10.100.102.5"/>
         <property name="hostAddress" value="10.100.102.5"/>
         <property name="os" value="Mac OS X 64bit"/>
         <property name="katalonVersion" value="7.2.1.1"/>
      </properties>
      <testcase name="Test Cases/Issue/Controller" time="0.401" classname="Test Cases/Issue/Controller" status="ERROR">
         <error type="ERROR" message="Test Cases/Issue/Controller FAILED.
Reason:
groovy.lang.MissingPropertyException: No such property: repoter for class: Script1582753849126
	at Controller.run(Controller:28)
	at com.kms.katalon.core.main.ScriptEngine.run(ScriptEngine.java:194)
	at com.kms.katalon.core.main.ScriptEngine.runScriptAsRawText(ScriptEngine.java:119)
	at com.kms.katalon.core.main.TestCaseExecutor.runScript(TestCaseExecutor.java:337)
	at com.kms.katalon.core.main.TestCaseExecutor.doExecute(TestCaseExecutor.java:328)
	at com.kms.katalon.core.main.TestCaseExecutor.processExecutionPhase(TestCaseExecutor.java:307)
	at com.kms.katalon.core.main.TestCaseExecutor.accessMainPhase(TestCaseExecutor.java:299)
	at com.kms.katalon.core.main.TestCaseExecutor.execute(TestCaseExecutor.java:233)
	at com.kms.katalon.core.main.TestSuiteExecutor.accessTestCaseMainPhase(TestSuiteExecutor.java:169)
	at com.kms.katalon.core.main.TestSuiteExecutor.accessTestSuiteMainPhase(TestSuiteExecutor.java:142)
	at com.kms.katalon.core.main.TestSuiteExecutor.execute(TestSuiteExecutor.java:91)
	at com.kms.katalon.core.main.TestCaseMain.startTestSuite(TestCaseMain.java:157)
	at com.kms.katalon.core.main.TestCaseMain$startTestSuite$0.call(Unknown Source)
	at TempTestSuite1584370913512.run(TempTestSuite1584370913512.groovy:36)
"/>
         <system-out><![CDATA[2020-03-16 17:01:58 - [TEST_CASE][ERROR] - Test Cases/Issue/Controller: Test Cases/Issue/Controller FAILED.
Reason:
groovy.lang.MissingPropertyException: No such property: repoter for class: Script1582753849126
	at Controller.run(Controller:28)
	at com.kms.katalon.core.main.ScriptEngine.run(ScriptEngine.java:194)
	at com.kms.katalon.core.main.ScriptEngine.runScriptAsRawText(ScriptEngine.java:119)
	at com.kms.katalon.core.main.TestCaseExecutor.runScript(TestCaseExecutor.java:337)
	at com.kms.katalon.core.main.TestCaseExecutor.doExecute(TestCaseExecutor.java:328)
	at com.kms.katalon.core.main.TestCaseExecutor.processExecutionPhase(TestCaseExecutor.java:307)
	at com.kms.katalon.core.main.TestCaseExecutor.accessMainPhase(TestCaseExecutor.java:299)
	at com.kms.katalon.core.main.TestCaseExecutor.execute(TestCaseExecutor.java:233)
	at com.kms.katalon.core.main.TestSuiteExecutor.accessTestCaseMainPhase(TestSuiteExecutor.java:169)
	at com.kms.katalon.core.main.TestSuiteExecutor.accessTestSuiteMainPhase(TestSuiteExecutor.java:142)
	at com.kms.katalon.core.main.TestSuiteExecutor.execute(TestSuiteExecutor.java:91)
	at com.kms.katalon.core.main.TestCaseMain.startTestSuite(TestCaseMain.java:157)
	at com.kms.katalon.core.main.TestCaseMain$startTestSuite$0.call(Unknown Source)
	at TempTestSuite1584370913512.run(TempTestSuite1584370913512.groovy:36)


2020-03-16 17:01:58 - [TEST_STEP][PASSED] - body = 
{
   
    "fields":{
      
       "project":
      {
         
          "key":"$projectKey"         

      },
      
       "summary":"$summary",
      
       "description":"$description",
      
       "customfield_10107":{
         "value":"$typeOfBug"
      },
      
       "customfield_10113":[
         {
            "value":"$relevantPlatform"
         }
      ],
      
       "customfield_10114":"$foundInBuild",
      
       "customfield_10102":{
         
      "value":"$bugType"

      },
      
        "assignee":"$assignee",
      
            "reporter":{
         
      "name":"$repoter"

      },
      
    "components":[
         
         {
            
        "name":"$component"

         }         

      ],
      
    "versions":[
         
         {
            
        "name":"$version"

         }         

      ],
      
          "priority":{
         
      "name":"$priority"

      },
      
       "issuetype":{
         
          "name":"$issueType" 

      }      

   }   

}


: null]]></system-out>
         <system-err><![CDATA[2020-03-16 17:01:58 - [TEST_CASE][ERROR] - Test Cases/Issue/Controller: Test Cases/Issue/Controller FAILED.
Reason:
groovy.lang.MissingPropertyException: No such property: repoter for class: Script1582753849126
	at Controller.run(Controller:28)
	at com.kms.katalon.core.main.ScriptEngine.run(ScriptEngine.java:194)
	at com.kms.katalon.core.main.ScriptEngine.runScriptAsRawText(ScriptEngine.java:119)
	at com.kms.katalon.core.main.TestCaseExecutor.runScript(TestCaseExecutor.java:337)
	at com.kms.katalon.core.main.TestCaseExecutor.doExecute(TestCaseExecutor.java:328)
	at com.kms.katalon.core.main.TestCaseExecutor.processExecutionPhase(TestCaseExecutor.java:307)
	at com.kms.katalon.core.main.TestCaseExecutor.accessMainPhase(TestCaseExecutor.java:299)
	at com.kms.katalon.core.main.TestCaseExecutor.execute(TestCaseExecutor.java:233)
	at com.kms.katalon.core.main.TestSuiteExecutor.accessTestCaseMainPhase(TestSuiteExecutor.java:169)
	at com.kms.katalon.core.main.TestSuiteExecutor.accessTestSuiteMainPhase(TestSuiteExecutor.java:142)
	at com.kms.katalon.core.main.TestSuiteExecutor.execute(TestSuiteExecutor.java:91)
	at com.kms.katalon.core.main.TestCaseMain.startTestSuite(TestCaseMain.java:157)
	at com.kms.katalon.core.main.TestCaseMain$startTestSuite$0.call(Unknown Source)
	at TempTestSuite1584370913512.run(TempTestSuite1584370913512.groovy:36)]]></system-err>
      </testcase>
      <system-out><![CDATA[2020-03-16 17:01:58 - [TEST_SUITE][ERROR] - CreateIssue-Test suite: Test Cases/Issue/Controller FAILED.
Reason:
groovy.lang.MissingPropertyException: No such property: repoter for class: Script1582753849126
	at Controller.run(Controller:28)
	at com.kms.katalon.core.main.ScriptEngine.run(ScriptEngine.java:194)
	at com.kms.katalon.core.main.ScriptEngine.runScriptAsRawText(ScriptEngine.java:119)
	at com.kms.katalon.core.main.TestCaseExecutor.runScript(TestCaseExecutor.java:337)
	at com.kms.katalon.core.main.TestCaseExecutor.doExecute(TestCaseExecutor.java:328)
	at com.kms.katalon.core.main.TestCaseExecutor.processExecutionPhase(TestCaseExecutor.java:307)
	at com.kms.katalon.core.main.TestCaseExecutor.accessMainPhase(TestCaseExecutor.java:299)
	at com.kms.katalon.core.main.TestCaseExecutor.execute(TestCaseExecutor.java:233)
	at com.kms.katalon.core.main.TestSuiteExecutor.accessTestCaseMainPhase(TestSuiteExecutor.java:169)
	at com.kms.katalon.core.main.TestSuiteExecutor.accessTestSuiteMainPhase(TestSuiteExecutor.java:142)
	at com.kms.katalon.core.main.TestSuiteExecutor.execute(TestSuiteExecutor.java:91)
	at com.kms.katalon.core.main.TestCaseMain.startTestSuite(TestCaseMain.java:157)
	at com.kms.katalon.core.main.TestCaseMain$startTestSuite$0.call(Unknown Source)
	at TempTestSuite1584370913512.run(TempTestSuite1584370913512.groovy:36)]]></system-out>
      <system-err><![CDATA[2020-03-16 17:01:58 - [TEST_SUITE][ERROR] - CreateIssue-Test suite: Test Cases/Issue/Controller FAILED.
Reason:
groovy.lang.MissingPropertyException: No such property: repoter for class: Script1582753849126
	at Controller.run(Controller:28)
	at com.kms.katalon.core.main.ScriptEngine.run(ScriptEngine.java:194)
	at com.kms.katalon.core.main.ScriptEngine.runScriptAsRawText(ScriptEngine.java:119)
	at com.kms.katalon.core.main.TestCaseExecutor.runScript(TestCaseExecutor.java:337)
	at com.kms.katalon.core.main.TestCaseExecutor.doExecute(TestCaseExecutor.java:328)
	at com.kms.katalon.core.main.TestCaseExecutor.processExecutionPhase(TestCaseExecutor.java:307)
	at com.kms.katalon.core.main.TestCaseExecutor.accessMainPhase(TestCaseExecutor.java:299)
	at com.kms.katalon.core.main.TestCaseExecutor.execute(TestCaseExecutor.java:233)
	at com.kms.katalon.core.main.TestSuiteExecutor.accessTestCaseMainPhase(TestSuiteExecutor.java:169)
	at com.kms.katalon.core.main.TestSuiteExecutor.accessTestSuiteMainPhase(TestSuiteExecutor.java:142)
	at com.kms.katalon.core.main.TestSuiteExecutor.execute(TestSuiteExecutor.java:91)
	at com.kms.katalon.core.main.TestCaseMain.startTestSuite(TestCaseMain.java:157)
	at com.kms.katalon.core.main.TestCaseMain$startTestSuite$0.call(Unknown Source)
	at TempTestSuite1584370913512.run(TempTestSuite1584370913512.groovy:36)]]></system-err>
   </testsuite>
</testsuites>
